STDOUT
======

Magic 8.3 revision 659 - Compiled on Sunday 07 June 2026 08:49:19 PM IST.
Starting magic under Tcl interpreter
Using the terminal as the console.
Using NULL graphics device.
Processing system .magicrc file
Switching to WIRING tool.
Switching to NETLIST tool.
Switching to PICK tool.
Switching to BOX tool.
Sourcing design .magicrc for technology sky130A ...
2 Magic internal units = 1 Lambda
Input style sky130(): scaleFactor=2, multiplier=2
The following types are not handled by extraction and will be treated as non-electrical types:
    ubm 
Scaled tech values by 2 / 1 to match internal grid scaling
Loading sky130A Device Generator Menu ...
Loading "/tmp/sky130_final_drc_0mb0ua28/run_final_drc.tcl" from command line.
DRC style is now "drc(full)"
Warning: Calma reading is not undoable!  I hope that's OK.
Library written using GDS-II Release 6.0
Library name: library
Reading "GEN_X9_UNIT_sky130_fd_pr__pfet_01v8_lvt_W1.0_L1.0_nf1__compass_3c2dbaf2_4274".
Reading "GEN_X9_UNIT_sky130_fd_pr__pfet_01v8_lvt_W1.0_L1.0_nf1__compass_13620e5c_6614".
Reading "GEN_X5_sky130_fd_pr__nfet_01v8_lvt_W4.0_L1.0_nf1__compass_3c2dbaf2_6599".
Reading "GEN_X5_sky130_fd_pr__nfet_01v8_lvt_W4.0_L1.0_nf1__compass_13620e5c_2667".
Reading "GEN_X6_sky130_fd_pr__nfet_01v8_lvt_W1.0_L1.0_nf1__compass_3c2dbaf2_1720".
Reading "GEN_X6_sky130_fd_pr__nfet_01v8_lvt_W1.0_L1.0_nf1__compass_13620e5c_3998".
Reading "GEN_X7_sky130_fd_pr__nfet_01v8_lvt_W4.0_L1.0_nf1__compass_3c2dbaf2_2064".
Reading "GEN_X7_sky130_fd_pr__nfet_01v8_lvt_W4.0_L1.0_nf1__compass_13620e5c_9466".
Reading "GEN_X8_sky130_fd_pr__pfet_01v8_lvt_W1.0_L1.0_nf1__compass_3c2dbaf2_9675".
Reading "GEN_X8_sky130_fd_pr__pfet_01v8_lvt_W1.0_L1.0_nf1__compass_13620e5c_0445".
Reading "GEN_X10_sky130_fd_pr__pfet_01v8_lvt_W1.0_L1.0_nf1__compass_3c2dbaf2_7386".
Reading "GEN_X10_sky130_fd_pr__pfet_01v8_lvt_W1.0_L1.0_nf1__compass_13620e5c_0852".
Reading "GEN_X11_sky130_fd_pr__pfet_01v8_lvt_W1.0_L1.0_nf1__compass_3c2dbaf2_9878".
Reading "GEN_X11_sky130_fd_pr__pfet_01v8_lvt_W1.0_L1.0_nf1__compass_13620e5c_9888".
Reading "GEN_X12_sky130_fd_pr__pfet_01v8_lvt_W1.0_L1.0_nf1__compass_3c2dbaf2_7283".
Reading "GEN_X12_sky130_fd_pr__pfet_01v8_lvt_W1.0_L1.0_nf1__compass_13620e5c_0665".
Reading "GEN_Xa_sky130_fd_pr__pfet_01v8_lvt_W1.0_L1.0_nf1__compass_3c2dbaf2_9730".
Reading "GEN_Xa_sky130_fd_pr__pfet_01v8_lvt_W1.0_L1.0_nf1__compass_13620e5c_2087".
Reading "GEN_Xb_sky130_fd_pr__nfet_01v8_lvt_W4.0_L1.0_nf1__compass_3c2dbaf2_6070".
Reading "GEN_Xb_sky130_fd_pr__nfet_01v8_lvt_W4.0_L1.0_nf1__compass_13620e5c_3290".
Reading "GEN_Xc_sky130_fd_pr__nfet_01v8_lvt_W1.0_L1.0_nf1__compass_3c2dbaf2_6658".
Reading "GEN_Xc_sky130_fd_pr__nfet_01v8_lvt_W1.0_L1.0_nf1__compass_13620e5c_6844".
Reading "GEN_Xd_sky130_fd_pr__pfet_01v8_lvt_W1.0_L1.0_nf1__compass_3c2dbaf2_8630".
Reading "GEN_Xd_sky130_fd_pr__pfet_01v8_lvt_W1.0_L1.0_nf1__compass_13620e5c_7638".
Reading "GEN_Xe_sky130_fd_pr__nfet_01v8_lvt_W4.0_L1.0_nf1__compass_3c2dbaf2_0367".
Reading "GEN_Xe_sky130_fd_pr__nfet_01v8_lvt_W4.0_L1.0_nf1__compass_13620e5c_3997".
Reading "GEN_Xf_sky130_fd_pr__nfet_01v8_lvt_W1.0_L1.0_nf1__compass_3c2dbaf2_4176".
Reading "GEN_Xf_sky130_fd_pr__nfet_01v8_lvt_W1.0_L1.0_nf1__compass_13620e5c_0097".
Reading "GEN_X9_UNIT_sky130_fd_pr__pfet_01v8_lvt_W1.0_L1.0_nf1__compass_b5a72fd6_3111".
Reading "GEN_X9_UNIT_sky130_fd_pr__pfet_01v8_lvt_W1.0_L1.0_nf1__compass_415d02c3_5232".
Reading "GEN_X9_UNIT_sky130_fd_pr__pfet_01v8_lvt_W1.0_L1.0_nf1__rectangle_13620e5c_1199".
Reading "GEN_X9_UNIT_sky130_fd_pr__pfet_01v8_lvt_W1.0_L1.0_nf1__rectangle_3c2dbaf2_8788".
Reading "GEN_X9_UNIT_sky130_fd_pr__pfet_01v8_lvt_W1.0_L1.0_nf1__compass_8f72ae85_6937".
Reading "GEN_X5_sky130_fd_pr__nfet_01v8_lvt_W4.0_L1.0_nf1__compass_b5a72fd6_1620".
Reading "GEN_X5_sky130_fd_pr__nfet_01v8_lvt_W4.0_L1.0_nf1__compass_415d02c3_9549".
Reading "GEN_X5_sky130_fd_pr__nfet_01v8_lvt_W4.0_L1.0_nf1__rectangle_13620e5c_7768".
Reading "GEN_X5_sky130_fd_pr__nfet_01v8_lvt_W4.0_L1.0_nf1__rectangle_3c2dbaf2_4375".
Reading "GEN_X5_sky130_fd_pr__nfet_01v8_lvt_W4.0_L1.0_nf1__compass_8f72ae85_2236".
Reading "GEN_X6_sky130_fd_pr__nfet_01v8_lvt_W1.0_L1.0_nf1__compass_b5a72fd6_0835".
Reading "GEN_X6_sky130_fd_pr__nfet_01v8_lvt_W1.0_L1.0_nf1__compass_415d02c3_8850".
Reading "GEN_X6_sky130_fd_pr__nfet_01v8_lvt_W1.0_L1.0_nf1__rectangle_13620e5c_5085".
Reading "GEN_X6_sky130_fd_pr__nfet_01v8_lvt_W1.0_L1.0_nf1__rectangle_3c2dbaf2_3857".
Reading "GEN_X6_sky130_fd_pr__nfet_01v8_lvt_W1.0_L1.0_nf1__compass_8f72ae85_3547".
Reading "GEN_X7_sky130_fd_pr__nfet_01v8_lvt_W4.0_L1.0_nf1__compass_b5a72fd6_4447".
Reading "GEN_X7_sky130_fd_pr__nfet_01v8_lvt_W4.0_L1.0_nf1__compass_415d02c3_8804".
Reading "GEN_X7_sky130_fd_pr__nfet_01v8_lvt_W4.0_L1.0_nf1__rectangle_13620e5c_4819".
Reading "GEN_X7_sky130_fd_pr__nfet_01v8_lvt_W4.0_L1.0_nf1__rectangle_3c2dbaf2_4755".
Reading "GEN_X7_sky130_fd_pr__nfet_01v8_lvt_W4.0_L1.0_nf1__compass_8f72ae85_5072".
Reading "GEN_X8_sky130_fd_pr__pfet_01v8_lvt_W1.0_L1.0_nf1__compass_b5a72fd6_5158".
Reading "GEN_X8_sky130_fd_pr__pfet_01v8_lvt_W1.0_L1.0_nf1__compass_415d02c3_7087".
Reading "GEN_X8_sky130_fd_pr__pfet_01v8_lvt_W1.0_L1.0_nf1__rectangle_13620e5c_4133".
Reading "GEN_X8_sky130_fd_pr__pfet_01v8_lvt_W1.0_L1.0_nf1__rectangle_3c2dbaf2_5407".
Reading "GEN_X8_sky130_fd_pr__pfet_01v8_lvt_W1.0_L1.0_nf1__compass_8f72ae85_1789".
Reading "GEN_X9_sky130_fd_pr__pfet_01v8_lvt_W15.0_L1.0_nf1__compass_3c2dbaf2_5419".
Reading "GEN_X9_sky130_fd_pr__pfet_01v8_lvt_W15.0_L1.0_nf1__compass_13620e5c_9110".
Reading "GEN_X10_sky130_fd_pr__pfet_01v8_lvt_W1.0_L1.0_nf1__compass_b5a72fd6_2888".
Reading "GEN_X10_sky130_fd_pr__pfet_01v8_lvt_W1.0_L1.0_nf1__compass_415d02c3_9107".
Reading "GEN_X10_sky130_fd_pr__pfet_01v8_lvt_W1.0_L1.0_nf1__rectangle_13620e5c_2852".
Reading "GEN_X10_sky130_fd_pr__pfet_01v8_lvt_W1.0_L1.0_nf1__rectangle_3c2dbaf2_1324".
Reading "GEN_X10_sky130_fd_pr__pfet_01v8_lvt_W1.0_L1.0_nf1__compass_8f72ae85_9435".
Reading "GEN_X11_sky130_fd_pr__pfet_01v8_lvt_W1.0_L1.0_nf1__compass_b5a72fd6_7671".
Reading "GEN_X11_sky130_fd_pr__pfet_01v8_lvt_W1.0_L1.0_nf1__compass_415d02c3_9826".
Reading "GEN_X11_sky130_fd_pr__pfet_01v8_lvt_W1.0_L1.0_nf1__rectangle_13620e5c_8607".
Reading "GEN_X11_sky130_fd_pr__pfet_01v8_lvt_W1.0_L1.0_nf1__rectangle_3c2dbaf2_0047".
Reading "GEN_X11_sky130_fd_pr__pfet_01v8_lvt_W1.0_L1.0_nf1__compass_8f72ae85_2480".
Reading "GEN_X12_sky130_fd_pr__pfet_01v8_lvt_W1.0_L1.0_nf1__compass_b5a72fd6_9294".
Reading "GEN_X12_sky130_fd_pr__pfet_01v8_lvt_W1.0_L1.0_nf1__compass_415d02c3_5670".
Reading "GEN_X12_sky130_fd_pr__pfet_01v8_lvt_W1.0_L1.0_nf1__rectangle_13620e5c_0820".
Reading "GEN_X12_sky130_fd_pr__pfet_01v8_lvt_W1.0_L1.0_nf1__rectangle_3c2dbaf2_5634".
Reading "GEN_X12_sky130_fd_pr__pfet_01v8_lvt_W1.0_L1.0_nf1__compass_8f72ae85_3900".
Reading "GEN_Xa_sky130_fd_pr__pfet_01v8_lvt_W1.0_L1.0_nf1__compass_b5a72fd6_4618".
Reading "GEN_Xa_sky130_fd_pr__pfet_01v8_lvt_W1.0_L1.0_nf1__compass_415d02c3_0003".
Reading "GEN_Xa_sky130_fd_pr__pfet_01v8_lvt_W1.0_L1.0_nf1__rectangle_13620e5c_2489".
Reading "GEN_Xa_sky130_fd_pr__pfet_01v8_lvt_W1.0_L1.0_nf1__rectangle_3c2dbaf2_4464".
Reading "GEN_Xa_sky130_fd_pr__pfet_01v8_lvt_W1.0_L1.0_nf1__compass_8f72ae85_2739".
Reading "GEN_Xb_sky130_fd_pr__nfet_01v8_lvt_W4.0_L1.0_nf1__compass_b5a72fd6_6964".
Reading "GEN_Xb_sky130_fd_pr__nfet_01v8_lvt_W4.0_L1.0_nf1__compass_415d02c3_7883".
Reading "GEN_Xb_sky130_fd_pr__nfet_01v8_lvt_W4.0_L1.0_nf1__rectangle_13620e5c_0259".
Reading "GEN_Xb_sky130_fd_pr__nfet_01v8_lvt_W4.0_L1.0_nf1__rectangle_3c2dbaf2_6776".
Reading "GEN_Xb_sky130_fd_pr__nfet_01v8_lvt_W4.0_L1.0_nf1__compass_8f72ae85_8236".
Reading "GEN_Xc_sky130_fd_pr__nfet_01v8_lvt_W1.0_L1.0_nf1__compass_b5a72fd6_1338".
Reading "GEN_Xc_sky130_fd_pr__nfet_01v8_lvt_W1.0_L1.0_nf1__compass_415d02c3_2248".
Reading "GEN_Xc_sky130_fd_pr__nfet_01v8_lvt_W1.0_L1.0_nf1__rectangle_13620e5c_0457".
Reading "GEN_Xc_sky130_fd_pr__nfet_01v8_lvt_W1.0_L1.0_nf1__rectangle_3c2dbaf2_3794".
Reading "GEN_Xc_sky130_fd_pr__nfet_01v8_lvt_W1.0_L1.0_nf1__compass_8f72ae85_1677".
Reading "GEN_Xd_sky130_fd_pr__pfet_01v8_lvt_W1.0_L1.0_nf1__compass_b5a72fd6_7081".
Reading "GEN_Xd_sky130_fd_pr__pfet_01v8_lvt_W1.0_L1.0_nf1__compass_415d02c3_5013".
Reading "GEN_Xd_sky130_fd_pr__pfet_01v8_lvt_W1.0_L1.0_nf1__rectangle_13620e5c_9783".
Reading "GEN_Xd_sky130_fd_pr__pfet_01v8_lvt_W1.0_L1.0_nf1__rectangle_3c2dbaf2_3792".
Reading "GEN_Xd_sky130_fd_pr__pfet_01v8_lvt_W1.0_L1.0_nf1__compass_8f72ae85_5735".
Reading "GEN_Xe_sky130_fd_pr__nfet_01v8_lvt_W4.0_L1.0_nf1__compass_b5a72fd6_9794".
Reading "GEN_Xe_sky130_fd_pr__nfet_01v8_lvt_W4.0_L1.0_nf1__compass_415d02c3_6057".
Reading "GEN_Xe_sky130_fd_pr__nfet_01v8_lvt_W4.0_L1.0_nf1__rectangle_13620e5c_4719".
Reading "GEN_Xe_sky130_fd_pr__nfet_01v8_lvt_W4.0_L1.0_nf1__rectangle_3c2dbaf2_6775".
Reading "GEN_Xe_sky130_fd_pr__nfet_01v8_lvt_W4.0_L1.0_nf1__compass_8f72ae85_7259".
Reading "GEN_Xf_sky130_fd_pr__nfet_01v8_lvt_W1.0_L1.0_nf1__compass_b5a72fd6_5703".
Reading "GEN_Xf_sky130_fd_pr__nfet_01v8_lvt_W1.0_L1.0_nf1__compass_415d02c3_5855".
Reading "GEN_Xf_sky130_fd_pr__nfet_01v8_lvt_W1.0_L1.0_nf1__rectangle_13620e5c_7810".
Reading "GEN_Xf_sky130_fd_pr__nfet_01v8_lvt_W1.0_L1.0_nf1__rectangle_3c2dbaf2_7529".
Reading "GEN_Xf_sky130_fd_pr__nfet_01v8_lvt_W1.0_L1.0_nf1__compass_8f72ae85_4426".
Reading "GEN_X9_UNIT_sky130_fd_pr__pfet_01v8_lvt_W1.0_L1.0_nf1__rectangle_415d02c3_1893".
Reading "GEN_X9_UNIT_sky130_fd_pr__pfet_01v8_lvt_W1.0_L1.0_nf1__rectangle_b5a72fd6_2034".
Reading "GEN_X9_UNIT_sky130_fd_pr__pfet_01v8_lvt_W1.0_L1.0_nf1__via_generator_33d20b07_5963".
Reading "GEN_X9_UNIT_sky130_fd_pr__pfet_01v8_lvt_W1.0_L1.0_nf1__compass_674a5263_5178".
Reading "GEN_X9_UNIT_sky130_fd_pr__pfet_01v8_lvt_W1.0_L1.0_nf1__compass_b81867f1_1717".
Reading "GEN_X9_UNIT_sky130_fd_pr__pfet_01v8_lvt_W1.0_L1.0_nf1__via_generator_01ce030f_7106".
Reading "GEN_X9_UNIT_sky130_fd_pr__pfet_01v8_lvt_W1.0_L1.0_nf1__compass_52cd4e34_3948".
Reading "GEN_X9_UNIT_sky130_fd_pr__pfet_01v8_lvt_W1.0_L1.0_nf1__rectangle_8f72ae85_2043".
Reading "GEN_X5_sky130_fd_pr__nfet_01v8_lvt_W4.0_L1.0_nf1__rectangle_415d02c3_2090".
Reading "GEN_X5_sky130_fd_pr__nfet_01v8_lvt_W4.0_L1.0_nf1__rectangle_b5a72fd6_3657".
Reading "GEN_X5_sky130_fd_pr__nfet_01v8_lvt_W4.0_L1.0_nf1__via_generator_33d20b07_9596".
Reading "GEN_X5_sky130_fd_pr__nfet_01v8_lvt_W4.0_L1.0_nf1__compass_cb0612b6_5004".
Reading "GEN_X5_sky130_fd_pr__nfet_01v8_lvt_W4.0_L1.0_nf1__compass_674a5263_6082".
Reading "GEN_X5_sky130_fd_pr__nfet_01v8_lvt_W4.0_L1.0_nf1__via_generator_01ce030f_4164".
Reading "GEN_X5_sky130_fd_pr__nfet_01v8_lvt_W4.0_L1.0_nf1__rectangle_8f72ae85_7385".
Reading "GEN_X5_sky130_fd_pr__nfet_01v8_lvt_W4.0_L1.0_nf1__compass_44994618_0497".
Reading "GEN_X6_sky130_fd_pr__nfet_01v8_lvt_W1.0_L1.0_nf1__rectangle_415d02c3_6671".
Reading "GEN_X6_sky130_fd_pr__nfet_01v8_lvt_W1.0_L1.0_nf1__rectangle_b5a72fd6_2759".
Reading "GEN_X6_sky130_fd_pr__nfet_01v8_lvt_W1.0_L1.0_nf1__via_generator_33d20b07_0214".
Reading "GEN_X6_sky130_fd_pr__nfet_01v8_lvt_W1.0_L1.0_nf1__compass_674a5263_8855".
Reading "GEN_X6_sky130_fd_pr__nfet_01v8_lvt_W1.0_L1.0_nf1__compass_b81867f1_8262".
Reading "GEN_X6_sky130_fd_pr__nfet_01v8_lvt_W1.0_L1.0_nf1__via_generator_01ce030f_4220".
Reading "GEN_X6_sky130_fd_pr__nfet_01v8_lvt_W1.0_L1.0_nf1__compass_52cd4e34_1027".
Reading "GEN_X6_sky130_fd_pr__nfet_01v8_lvt_W1.0_L1.0_nf1__rectangle_8f72ae85_8545".
Reading "GEN_X7_sky130_fd_pr__nfet_01v8_lvt_W4.0_L1.0_nf1__rectangle_415d02c3_1914".
Reading "GEN_X7_sky130_fd_pr__nfet_01v8_lvt_W4.0_L1.0_nf1__rectangle_b5a72fd6_3622".
Reading "GEN_X7_sky130_fd_pr__nfet_01v8_lvt_W4.0_L1.0_nf1__via_generator_33d20b07_6337".
Reading "GEN_X7_sky130_fd_pr__nfet_01v8_lvt_W4.0_L1.0_nf1__compass_cb0612b6_2902".
Reading "GEN_X7_sky130_fd_pr__nfet_01v8_lvt_W4.0_L1.0_nf1__compass_674a5263_5508".
Reading "GEN_X7_sky130_fd_pr__nfet_01v8_lvt_W4.0_L1.0_nf1__via_generator_01ce030f_2547".
Reading "GEN_X7_sky130_fd_pr__nfet_01v8_lvt_W4.0_L1.0_nf1__rectangle_8f72ae85_0828".
Reading "GEN_X7_sky130_fd_pr__nfet_01v8_lvt_W4.0_L1.0_nf1__compass_44994618_4365".
Reading "GEN_X8_sky130_fd_pr__pfet_01v8_lvt_W1.0_L1.0_nf1__rectangle_415d02c3_8285".
Reading "GEN_X8_sky130_fd_pr__pfet_01v8_lvt_W1.0_L1.0_nf1__rectangle_b5a72fd6_5792".
Reading "GEN_X8_sky130_fd_pr__pfet_01v8_lvt_W1.0_L1.0_nf1__via_generator_33d20b07_6501".
Reading "GEN_X8_sky130_fd_pr__pfet_01v8_lvt_W1.0_L1.0_nf1__compass_674a5263_0731".
Reading "GEN_X8_sky130_fd_pr__pfet_01v8_lvt_W1.0_L1.0_nf1__compass_b81867f1_8661".
Reading "GEN_X8_sky130_fd_pr__pfet_01v8_lvt_W1.0_L1.0_nf1__via_generator_01ce030f_6853".
Reading "GEN_X8_sky130_fd_pr__pfet_01v8_lvt_W1.0_L1.0_nf1__compass_52cd4e34_6828".
Reading "GEN_X8_sky130_fd_pr__pfet_01v8_lvt_W1.0_L1.0_nf1__rectangle_8f72ae85_6514".
Reading "GEN_X9_sky130_fd_pr__pfet_01v8_lvt_W15.0_L1.0_nf1__compass_b5a72fd6_1308".
Reading "GEN_X9_sky130_fd_pr__pfet_01v8_lvt_W15.0_L1.0_nf1__compass_415d02c3_9800".
Reading "GEN_X9_sky130_fd_pr__pfet_01v8_lvt_W15.0_L1.0_nf1__rectangle_3c2dbaf2_4488".
Reading "GEN_X9_sky130_fd_pr__pfet_01v8_lvt_W15.0_L1.0_nf1__rectangle_13620e5c_5018".
Reading "GEN_X9_sky130_fd_pr__pfet_01v8_lvt_W15.0_L1.0_nf1__compass_8f72ae85_1149".
Reading "GEN_X10_sky130_fd_pr__pfet_01v8_lvt_W1.0_L1.0_nf1__rectangle_415d02c3_1775".
Reading "GEN_X10_sky130_fd_pr__pfet_01v8_lvt_W1.0_L1.0_nf1__rectangle_b5a72fd6_6957".
Reading "GEN_X10_sky130_fd_pr__pfet_01v8_lvt_W1.0_L1.0_nf1__via_generator_33d20b07_9064".
Reading "GEN_X10_sky130_fd_pr__pfet_01v8_lvt_W1.0_L1.0_nf1__compass_674a5263_5541".
Reading "GEN_X10_sky130_fd_pr__pfet_01v8_lvt_W1.0_L1.0_nf1__compass_b81867f1_7126".
Reading "GEN_X10_sky130_fd_pr__pfet_01v8_lvt_W1.0_L1.0_nf1__via_generator_01ce030f_9450".
Reading "GEN_X10_sky130_fd_pr__pfet_01v8_lvt_W1.0_L1.0_nf1__compass_52cd4e34_0949".
Reading "GEN_X10_sky130_fd_pr__pfet_01v8_lvt_W1.0_L1.0_nf1__rectangle_8f72ae85_2492".
Reading "GEN_X11_sky130_fd_pr__pfet_01v8_lvt_W1.0_L1.0_nf1__rectangle_415d02c3_0275".
Reading "GEN_X11_sky130_fd_pr__pfet_01v8_lvt_W1.0_L1.0_nf1__rectangle_b5a72fd6_2087".
Reading "GEN_X11_sky130_fd_pr__pfet_01v8_lvt_W1.0_L1.0_nf1__via_generator_33d20b07_3477".
Reading "GEN_X11_sky130_fd_pr__pfet_01v8_lvt_W1.0_L1.0_nf1__compass_674a5263_0083".
Reading "GEN_X11_sky130_fd_pr__pfet_01v8_lvt_W1.0_L1.0_nf1__compass_b81867f1_0529".
Reading "GEN_X11_sky130_fd_pr__pfet_01v8_lvt_W1.0_L1.0_nf1__via_generator_01ce030f_2014".
Reading "GEN_X11_sky130_fd_pr__pfet_01v8_lvt_W1.0_L1.0_nf1__compass_52cd4e34_1041".
Reading "GEN_X11_sky130_fd_pr__pfet_01v8_lvt_W1.0_L1.0_nf1__rectangle_8f72ae85_5994".
Reading "GEN_X12_sky130_fd_pr__pfet_01v8_lvt_W1.0_L1.0_nf1__rectangle_415d02c3_8570".
Reading "GEN_X12_sky130_fd_pr__pfet_01v8_lvt_W1.0_L1.0_nf1__rectangle_b5a72fd6_8370".
Reading "GEN_X12_sky130_fd_pr__pfet_01v8_lvt_W1.0_L1.0_nf1__via_generator_33d20b07_9976".
Reading "GEN_X12_sky130_fd_pr__pfet_01v8_lvt_W1.0_L1.0_nf1__compass_674a5263_6024".
Reading "GEN_X12_sky130_fd_pr__pfet_01v8_lvt_W1.0_L1.0_nf1__compass_b81867f1_8688".
Reading "GEN_X12_sky130_fd_pr__pfet_01v8_lvt_W1.0_L1.0_nf1__via_generator_01ce030f_5431".
Reading "GEN_X12_sky130_fd_pr__pfet_01v8_lvt_W1.0_L1.0_nf1__compass_52cd4e34_7355".
Reading "GEN_X12_sky130_fd_pr__pfet_01v8_lvt_W1.0_L1.0_nf1__rectangle_8f72ae85_9812".
Reading "GEN_Xa_sky130_fd_pr__pfet_01v8_lvt_W1.0_L1.0_nf1__rectangle_415d02c3_9893".
Reading "GEN_Xa_sky130_fd_pr__pfet_01v8_lvt_W1.0_L1.0_nf1__rectangle_b5a72fd6_4428".
Reading "GEN_Xa_sky130_fd_pr__pfet_01v8_lvt_W1.0_L1.0_nf1__via_generator_33d20b07_2913".
Reading "GEN_Xa_sky130_fd_pr__pfet_01v8_lvt_W1.0_L1.0_nf1__compass_674a5263_4174".
Reading "GEN_Xa_sky130_fd_pr__pfet_01v8_lvt_W1.0_L1.0_nf1__compass_b81867f1_4649".
Reading "GEN_Xa_sky130_fd_pr__pfet_01v8_lvt_W1.0_L1.0_nf1__via_generator_01ce030f_6844".
Reading "GEN_Xa_sky130_fd_pr__pfet_01v8_lvt_W1.0_L1.0_nf1__compass_52cd4e34_7951".
Reading "GEN_Xa_sky130_fd_pr__pfet_01v8_lvt_W1.0_L1.0_nf1__rectangle_8f72ae85_3783".
Reading "GEN_Xb_sky130_fd_pr__nfet_01v8_lvt_W4.0_L1.0_nf1__rectangle_415d02c3_9806".
Reading "GEN_Xb_sky130_fd_pr__nfet_01v8_lvt_W4.0_L1.0_nf1__rectangle_b5a72fd6_6134".
Reading "GEN_Xb_sky130_fd_pr__nfet_01v8_lvt_W4.0_L1.0_nf1__via_generator_33d20b07_9576".
Reading "GEN_Xb_sky130_fd_pr__nfet_01v8_lvt_W4.0_L1.0_nf1__compass_cb0612b6_3093".
Reading "GEN_Xb_sky130_fd_pr__nfet_01v8_lvt_W4.0_L1.0_nf1__compass_674a5263_9377".
Reading "GEN_Xb_sky130_fd_pr__nfet_01v8_lvt_W4.0_L1.0_nf1__via_generator_01ce030f_4707".
Reading "GEN_Xb_sky130_fd_pr__nfet_01v8_lvt_W4.0_L1.0_nf1__rectangle_8f72ae85_2427".
Reading "GEN_Xb_sky130_fd_pr__nfet_01v8_lvt_W4.0_L1.0_nf1__compass_44994618_3310".
Reading "GEN_Xc_sky130_fd_pr__nfet_01v8_lvt_W1.0_L1.0_nf1__rectangle_415d02c3_6135".
Reading "GEN_Xc_sky130_fd_pr__nfet_01v8_lvt_W1.0_L1.0_nf1__rectangle_b5a72fd6_6699".
Reading "GEN_Xc_sky130_fd_pr__nfet_01v8_lvt_W1.0_L1.0_nf1__via_generator_33d20b07_3967".
Reading "GEN_Xc_sky130_fd_pr__nfet_01v8_lvt_W1.0_L1.0_nf1__compass_674a5263_6614".
Reading "GEN_Xc_sky130_fd_pr__nfet_01v8_lvt_W1.0_L1.0_nf1__compass_b81867f1_9868".
Reading "GEN_Xc_sky130_fd_pr__nfet_01v8_lvt_W1.0_L1.0_nf1__via_generator_01ce030f_2070".
Reading "GEN_Xc_sky130_fd_pr__nfet_01v8_lvt_W1.0_L1.0_nf1__compass_52cd4e34_4282".
Reading "GEN_Xc_sky130_fd_pr__nfet_01v8_lvt_W1.0_L1.0_nf1__rectangle_8f72ae85_5256".
Reading "GEN_Xd_sky130_fd_pr__pfet_01v8_lvt_W1.0_L1.0_nf1__rectangle_415d02c3_4468".
Reading "GEN_Xd_sky130_fd_pr__pfet_01v8_lvt_W1.0_L1.0_nf1__rectangle_b5a72fd6_0440".
Reading "GEN_Xd_sky130_fd_pr__pfet_01v8_lvt_W1.0_L1.0_nf1__via_generator_33d20b07_2645".
Reading "GEN_Xd_sky130_fd_pr__pfet_01v8_lvt_W1.0_L1.0_nf1__compass_674a5263_4746".
Reading "GEN_Xd_sky130_fd_pr__pfet_01v8_lvt_W1.0_L1.0_nf1__compass_b81867f1_2787".
Reading "GEN_Xd_sky130_fd_pr__pfet_01v8_lvt_W1.0_L1.0_nf1__via_generator_01ce030f_6553".
Reading "GEN_Xd_sky130_fd_pr__pfet_01v8_lvt_W1.0_L1.0_nf1__compass_52cd4e34_3719".
Reading "GEN_Xd_sky130_fd_pr__pfet_01v8_lvt_W1.0_L1.0_nf1__rectangle_8f72ae85_9559".
Reading "GEN_Xe_sky130_fd_pr__nfet_01v8_lvt_W4.0_L1.0_nf1__rectangle_415d02c3_6011".
Reading "GEN_Xe_sky130_fd_pr__nfet_01v8_lvt_W4.0_L1.0_nf1__rectangle_b5a72fd6_7674".
Reading "GEN_Xe_sky130_fd_pr__nfet_01v8_lvt_W4.0_L1.0_nf1__via_generator_33d20b07_4165".
Reading "GEN_Xe_sky130_fd_pr__nfet_01v8_lvt_W4.0_L1.0_nf1__compass_cb0612b6_0084".
Reading "GEN_Xe_sky130_fd_pr__nfet_01v8_lvt_W4.0_L1.0_nf1__compass_674a5263_7001".
Reading "GEN_Xe_sky130_fd_pr__nfet_01v8_lvt_W4.0_L1.0_nf1__via_generator_01ce030f_4586".
Reading "GEN_Xe_sky130_fd_pr__nfet_01v8_lvt_W4.0_L1.0_nf1__rectangle_8f72ae85_0391".
Reading "GEN_Xe_sky130_fd_pr__nfet_01v8_lvt_W4.0_L1.0_nf1__compass_44994618_5834".
Reading "GEN_Xf_sky130_fd_pr__nfet_01v8_lvt_W1.0_L1.0_nf1__rectangle_415d02c3_5199".
Reading "GEN_Xf_sky130_fd_pr__nfet_01v8_lvt_W1.0_L1.0_nf1__rectangle_b5a72fd6_7397".
Reading "GEN_Xf_sky130_fd_pr__nfet_01v8_lvt_W1.0_L1.0_nf1__via_generator_33d20b07_9789".
Reading "GEN_Xf_sky130_fd_pr__nfet_01v8_lvt_W1.0_L1.0_nf1__compass_674a5263_3134".
Reading "GEN_Xf_sky130_fd_pr__nfet_01v8_lvt_W1.0_L1.0_nf1__compass_b81867f1_0711".
Reading "GEN_Xf_sky130_fd_pr__nfet_01v8_lvt_W1.0_L1.0_nf1__via_generator_01ce030f_2506".
Reading "GEN_Xf_sky130_fd_pr__nfet_01v8_lvt_W1.0_L1.0_nf1__compass_52cd4e34_7936".
Reading "GEN_Xf_sky130_fd_pr__nfet_01v8_lvt_W1.0_L1.0_nf1__rectangle_8f72ae85_6654".
Reading "GEN_X9_UNIT_sky130_fd_pr__pfet_01v8_lvt_W1.0_L1.0_nf1__via_generator_d5f22867_1680".
Reading "GEN_X9_UNIT_sky130_fd_pr__pfet_01v8_lvt_W1.0_L1.0_nf1__compass_8c50d14a_2664".
Reading "GEN_X9_UNIT_sky130_fd_pr__pfet_01v8_lvt_W1.0_L1.0_nf1__via_generator_e1715ab9_7337".
Reading "GEN_X9_UNIT_sky130_fd_pr__pfet_01v8_lvt_W1.0_L1.0_nf1__compass_ea5254ff_2109".
Reading "GEN_X9_UNIT_sky130_fd_pr__pfet_01v8_lvt_W1.0_L1.0_nf1__rectangle_b81867f1_9224".
Reading "GEN_X9_UNIT_sky130_fd_pr__pfet_01v8_lvt_W1.0_L1.0_nf1__via_stack_10315345_9885".
Reading "GEN_X9_UNIT_sky130_fd_pr__pfet_01v8_lvt_W1.0_L1.0_nf1__rectangle_674a5263_5755".
Reading "GEN_X9_UNIT_sky130_fd_pr__pfet_01v8_lvt_W1.0_L1.0_nf1__compass_140743e1_6036".
Reading "GEN_X9_UNIT_sky130_fd_pr__pfet_01v8_lvt_W1.0_L1.0_nf1__rectangle_52cd4e34_5831".
Reading "GEN_X9_UNIT_sky130_fd_pr__pfet_01v8_lvt_W1.0_L1.0_nf1__compass_2e17894f_7700".
Reading "GEN_X5_sky130_fd_pr__nfet_01v8_lvt_W4.0_L1.0_nf1__compass_5aca425c_7991".
Reading "GEN_X5_sky130_fd_pr__nfet_01v8_lvt_W4.0_L1.0_nf1__compass_797719f1_8750".
Reading "GEN_X5_sky130_fd_pr__nfet_01v8_lvt_W4.0_L1.0_nf1__compass_8e4e9c25_3787".
Reading "GEN_X5_sky130_fd_pr__nfet_01v8_lvt_W4.0_L1.0_nf1__via_stack_10315345_7479".
Reading "GEN_X5_sky130_fd_pr__nfet_01v8_lvt_W4.0_L1.0_nf1__rectangle_674a5263_0350".
Reading "GEN_X5_sky130_fd_pr__nfet_01v8_lvt_W4.0_L1.0_nf1__compass_2d38c522_6586".
Reading "GEN_X5_sky130_fd_pr__nfet_01v8_lvt_W4.0_L1.0_nf1__rectangle_cb0612b6_4677".
Reading "GEN_X5_sky130_fd_pr__nfet_01v8_lvt_W4.0_L1.0_nf1__via_generator_5efd8b4b_2807".
Reading "GEN_X5_sky130_fd_pr__nfet_01v8_lvt_W4.0_L1.0_nf1__rectangle_44994618_3084".
Reading "GEN_X5_sky130_fd_pr__nfet_01v8_lvt_W4.0_L1.0_nf1__via_generator_ed9d2c97_9974".
Reading "GEN_X6_sky130_fd_pr__nfet_01v8_lvt_W1.0_L1.0_nf1__via_generator_d5f22867_1303".
Reading "GEN_X6_sky130_fd_pr__nfet_01v8_lvt_W1.0_L1.0_nf1__via_generator_e1715ab9_6059".
Reading "GEN_X6_sky130_fd_pr__nfet_01v8_lvt_W1.0_L1.0_nf1__compass_ea5254ff_5745".
Reading "GEN_X6_sky130_fd_pr__nfet_01v8_lvt_W1.0_L1.0_nf1__rectangle_b81867f1_1709".
Reading "GEN_X6_sky130_fd_pr__nfet_01v8_lvt_W1.0_L1.0_nf1__compass_5efdeb5f_6615".
Reading "GEN_X6_sky130_fd_pr__nfet_01v8_lvt_W1.0_L1.0_nf1__via_stack_10315345_4926".
Reading "GEN_X6_sky130_fd_pr__nfet_01v8_lvt_W1.0_L1.0_nf1__rectangle_674a5263_7693".
Reading "GEN_X6_sky130_fd_pr__nfet_01v8_lvt_W1.0_L1.0_nf1__compass_140743e1_3381".
Reading "GEN_X6_sky130_fd_pr__nfet_01v8_lvt_W1.0_L1.0_nf1__rectangle_52cd4e34_1070".
Reading "GEN_X6_sky130_fd_pr__nfet_01v8_lvt_W1.0_L1.0_nf1__compass_2e17894f_1258".
Reading "GEN_X7_sky130_fd_pr__nfet_01v8_lvt_W4.0_L1.0_nf1__compass_5aca425c_3627".
Reading "GEN_X7_sky130_fd_pr__nfet_01v8_lvt_W4.0_L1.0_nf1__compass_797719f1_2102".
Reading "GEN_X7_sky130_fd_pr__nfet_01v8_lvt_W4.0_L1.0_nf1__via_stack_10315345_3001".
Reading "GEN_X7_sky130_fd_pr__nfet_01v8_lvt_W4.0_L1.0_nf1__rectangle_674a5263_7470".
Reading "GEN_X7_sky130_fd_pr__nfet_01v8_lvt_W4.0_L1.0_nf1__compass_8e4e9c25_1592".
Reading "GEN_X7_sky130_fd_pr__nfet_01v8_lvt_W4.0_L1.0_nf1__compass_2d38c522_9535".
Reading "GEN_X7_sky130_fd_pr__nfet_01v8_lvt_W4.0_L1.0_nf1__rectangle_cb0612b6_2218".
Reading "GEN_X7_sky130_fd_pr__nfet_01v8_lvt_W4.0_L1.0_nf1__via_generator_5efd8b4b_7226".
Reading "GEN_X7_sky130_fd_pr__nfet_01v8_lvt_W4.0_L1.0_nf1__rectangle_44994618_8118".
Reading "GEN_X7_sky130_fd_pr__nfet_01v8_lvt_W4.0_L1.0_nf1__via_generator_ed9d2c97_2878".
Reading "GEN_X8_sky130_fd_pr__pfet_01v8_lvt_W1.0_L1.0_nf1__via_generator_d5f22867_6151".
Reading "GEN_X8_sky130_fd_pr__pfet_01v8_lvt_W1.0_L1.0_nf1__compass_8c50d14a_5812".
Reading "GEN_X8_sky130_fd_pr__pfet_01v8_lvt_W1.0_L1.0_nf1__via_generator_e1715ab9_3003".
Reading "GEN_X8_sky130_fd_pr__pfet_01v8_lvt_W1.0_L1.0_nf1__compass_ea5254ff_9376".
Reading "GEN_X8_sky130_fd_pr__pfet_01v8_lvt_W1.0_L1.0_nf1__rectangle_b81867f1_8632".
Reading "GEN_X8_sky130_fd_pr__pfet_01v8_lvt_W1.0_L1.0_nf1__compass_140743e1_1478".
Reading "GEN_X8_sky130_fd_pr__pfet_01v8_lvt_W1.0_L1.0_nf1__rectangle_52cd4e34_0935".
Reading "GEN_X8_sky130_fd_pr__pfet_01v8_lvt_W1.0_L1.0_nf1__compass_2e17894f_8568".
Reading "GEN_X8_sky130_fd_pr__pfet_01v8_lvt_W1.0_L1.0_nf1__via_stack_10315345_1627".
Reading "GEN_X8_sky130_fd_pr__pfet_01v8_lvt_W1.0_L1.0_nf1__rectangle_674a5263_2852".
Reading "GEN_X9_sky130_fd_pr__pfet_01v8_lvt_W15.0_L1.0_nf1__rectangle_415d02c3_3799".
Reading "GEN_X9_sky130_fd_pr__pfet_01v8_lvt_W15.0_L1.0_nf1__rectangle_b5a72fd6_1876".
Reading "GEN_X9_sky130_fd_pr__pfet_01v8_lvt_W15.0_L1.0_nf1__via_generator_33d20b07_8128".
Reading "GEN_X9_sky130_fd_pr__pfet_01v8_lvt_W15.0_L1.0_nf1__compass_674a5263_8974".
Reading "GEN_X9_sky130_fd_pr__pfet_01v8_lvt_W15.0_L1.0_nf1__compass_a1e64faa_7385".
Reading "GEN_X9_sky130_fd_pr__pfet_01v8_lvt_W15.0_L1.0_nf1__via_generator_01ce030f_5330".
Reading "GEN_X9_sky130_fd_pr__pfet_01v8_lvt_W15.0_L1.0_nf1__compass_d68a24f6_7389".
Reading "GEN_X9_sky130_fd_pr__pfet_01v8_lvt_W15.0_L1.0_nf1__rectangle_8f72ae85_0348".
Reading "GEN_X10_sky130_fd_pr__pfet_01v8_lvt_W1.0_L1.0_nf1__via_stack_10315345_2007".
Reading "GEN_X10_sky130_fd_pr__pfet_01v8_lvt_W1.0_L1.0_nf1__via_generator_d5f22867_4320".
Reading "GEN_X10_sky130_fd_pr__pfet_01v8_lvt_W1.0_L1.0_nf1__compass_8c50d14a_3258".
Reading "GEN_X10_sky130_fd_pr__pfet_01v8_lvt_W1.0_L1.0_nf1__via_generator_e1715ab9_9902".
Reading "GEN_X10_sky130_fd_pr__pfet_01v8_lvt_W1.0_L1.0_nf1__compass_ea5254ff_7065".
Reading "GEN_X10_sky130_fd_pr__pfet_01v8_lvt_W1.0_L1.0_nf1__rectangle_674a5263_5184".
Reading "GEN_X10_sky130_fd_pr__pfet_01v8_lvt_W1.0_L1.0_nf1__rectangle_b81867f1_1373".
Reading "GEN_X10_sky130_fd_pr__pfet_01v8_lvt_W1.0_L1.0_nf1__compass_140743e1_6639".
Reading "GEN_X10_sky130_fd_pr__pfet_01v8_lvt_W1.0_L1.0_nf1__rectangle_52cd4e34_9403".
Reading "GEN_X10_sky130_fd_pr__pfet_01v8_lvt_W1.0_L1.0_nf1__compass_2e17894f_7479".
Reading "GEN_X11_sky130_fd_pr__pfet_01v8_lvt_W1.0_L1.0_nf1__via_stack_10315345_0895".
Reading "GEN_X11_sky130_fd_pr__pfet_01v8_lvt_W1.0_L1.0_nf1__via_generator_d5f22867_6628".
Reading "GEN_X11_sky130_fd_pr__pfet_01v8_lvt_W1.0_L1.0_nf1__compass_8c50d14a_5551".
Reading "GEN_X11_sky130_fd_pr__pfet_01v8_lvt_W1.0_L1.0_nf1__via_generator_e1715ab9_2577".
Reading "GEN_X11_sky130_fd_pr__pfet_01v8_lvt_W1.0_L1.0_nf1__compass_ea5254ff_2917".
Reading "GEN_X11_sky130_fd_pr__pfet_01v8_lvt_W1.0_L1.0_nf1__rectangle_674a5263_4179".
Reading "GEN_X11_sky130_fd_pr__pfet_01v8_lvt_W1.0_L1.0_nf1__rectangle_b81867f1_9956".
Reading "GEN_X11_sky130_fd_pr__pfet_01v8_lvt_W1.0_L1.0_nf1__compass_140743e1_9159".
Reading "GEN_X11_sky130_fd_pr__pfet_01v8_lvt_W1.0_L1.0_nf1__rectangle_52cd4e34_8346".
Reading "GEN_X11_sky130_fd_pr__pfet_01v8_lvt_W1.0_L1.0_nf1__compass_2e17894f_1731".
Reading "GEN_X12_sky130_fd_pr__pfet_01v8_lvt_W1.0_L1.0_nf1__via_generator_d5f22867_1905".
Reading "GEN_X12_sky130_fd_pr__pfet_01v8_lvt_W1.0_L1.0_nf1__compass_8c50d14a_5102".
Reading "GEN_X12_sky130_fd_pr__pfet_01v8_lvt_W1.0_L1.0_nf1__via_generator_e1715ab9_1815".
Reading "GEN_X12_sky130_fd_pr__pfet_01v8_lvt_W1.0_L1.0_nf1__compass_ea5254ff_8146".
Reading "GEN_X12_sky130_fd_pr__pfet_01v8_lvt_W1.0_L1.0_nf1__via_stack_10315345_6256".
Reading "GEN_X12_sky130_fd_pr__pfet_01v8_lvt_W1.0_L1.0_nf1__rectangle_674a5263_6868".
Reading "GEN_X12_sky130_fd_pr__pfet_01v8_lvt_W1.0_L1.0_nf1__rectangle_b81867f1_5031".
Reading "GEN_X12_sky130_fd_pr__pfet_01v8_lvt_W1.0_L1.0_nf1__compass_140743e1_2243".
Reading "GEN_X12_sky130_fd_pr__pfet_01v8_lvt_W1.0_L1.0_nf1__rectangle_52cd4e34_3259".
Reading "GEN_X12_sky130_fd_pr__pfet_01v8_lvt_W1.0_L1.0_nf1__compass_2e17894f_1076".
Reading "GEN_Xa_sky130_fd_pr__pfet_01v8_lvt_W1.0_L1.0_nf1__via_generator_d5f22867_1863".
Reading "GEN_Xa_sky130_fd_pr__pfet_01v8_lvt_W1.0_L1.0_nf1__compass_8c50d14a_6276".
Reading "GEN_Xa_sky130_fd_pr__pfet_01v8_lvt_W1.0_L1.0_nf1__via_generator_e1715ab9_0114".
Reading "GEN_Xa_sky130_fd_pr__pfet_01v8_lvt_W1.0_L1.0_nf1__compass_ea5254ff_2744".
Reading "GEN_Xa_sky130_fd_pr__pfet_01v8_lvt_W1.0_L1.0_nf1__via_stack_10315345_2870".
Reading "GEN_Xa_sky130_fd_pr__pfet_01v8_lvt_W1.0_L1.0_nf1__rectangle_674a5263_5850".
Reading "GEN_Xa_sky130_fd_pr__pfet_01v8_lvt_W1.0_L1.0_nf1__rectangle_b81867f1_3429".
Reading "GEN_Xa_sky130_fd_pr__pfet_01v8_lvt_W1.0_L1.0_nf1__compass_140743e1_1905".
Reading "GEN_Xa_sky130_fd_pr__pfet_01v8_lvt_W1.0_L1.0_nf1__rectangle_52cd4e34_1432".
Reading "GEN_Xa_sky130_fd_pr__pfet_01v8_lvt_W1.0_L1.0_nf1__compass_2e17894f_8809".
Reading "GEN_Xb_sky130_fd_pr__nfet_01v8_lvt_W4.0_L1.0_nf1__compass_5aca425c_9893".
Reading "GEN_Xb_sky130_fd_pr__nfet_01v8_lvt_W4.0_L1.0_nf1__compass_797719f1_1512".
Reading "GEN_Xb_sky130_fd_pr__nfet_01v8_lvt_W4.0_L1.0_nf1__compass_8e4e9c25_6043".
Reading "GEN_Xb_sky130_fd_pr__nfet_01v8_lvt_W4.0_L1.0_nf1__compass_2d38c522_5633".
Reading "GEN_Xb_sky130_fd_pr__nfet_01v8_lvt_W4.0_L1.0_nf1__via_stack_10315345_2749".
Reading "GEN_Xb_sky130_fd_pr__nfet_01v8_lvt_W4.0_L1.0_nf1__rectangle_674a5263_3841".
Reading "GEN_Xb_sky130_fd_pr__nfet_01v8_lvt_W4.0_L1.0_nf1__rectangle_cb0612b6_3144".
Reading "GEN_Xb_sky130_fd_pr__nfet_01v8_lvt_W4.0_L1.0_nf1__via_generator_5efd8b4b_6155".
Reading "GEN_Xb_sky130_fd_pr__nfet_01v8_lvt_W4.0_L1.0_nf1__rectangle_44994618_1790".
Reading "GEN_Xb_sky130_fd_pr__nfet_01v8_lvt_W4.0_L1.0_nf1__via_generator_ed9d2c97_5288".
Reading "GEN_Xc_sky130_fd_pr__nfet_01v8_lvt_W1.0_L1.0_nf1__via_stack_10315345_3029".
Reading "GEN_Xc_sky130_fd_pr__nfet_01v8_lvt_W1.0_L1.0_nf1__via_generator_d5f22867_9670".
Reading "GEN_Xc_sky130_fd_pr__nfet_01v8_lvt_W1.0_L1.0_nf1__via_generator_e1715ab9_9071".
Reading "GEN_Xc_sky130_fd_pr__nfet_01v8_lvt_W1.0_L1.0_nf1__compass_ea5254ff_6743".
Reading "GEN_Xc_sky130_fd_pr__nfet_01v8_lvt_W1.0_L1.0_nf1__rectangle_674a5263_6520".
Reading "GEN_Xc_sky130_fd_pr__nfet_01v8_lvt_W1.0_L1.0_nf1__rectangle_b81867f1_6918".
Reading "GEN_Xc_sky130_fd_pr__nfet_01v8_lvt_W1.0_L1.0_nf1__compass_5efdeb5f_7641".
Reading "GEN_Xc_sky130_fd_pr__nfet_01v8_lvt_W1.0_L1.0_nf1__compass_140743e1_4178".
Reading "GEN_Xc_sky130_fd_pr__nfet_01v8_lvt_W1.0_L1.0_nf1__rectangle_52cd4e34_7476".
Reading "GEN_Xc_sky130_fd_pr__nfet_01v8_lvt_W1.0_L1.0_nf1__compass_2e17894f_5620".
Reading "GEN_Xd_sky130_fd_pr__pfet_01v8_lvt_W1.0_L1.0_nf1__via_generator_d5f22867_4991".
Reading "GEN_Xd_sky130_fd_pr__pfet_01v8_lvt_W1.0_L1.0_nf1__compass_8c50d14a_2358".
Reading "GEN_Xd_sky130_fd_pr__pfet_01v8_lvt_W1.0_L1.0_nf1__via_generator_e1715ab9_5139".
Reading "GEN_Xd_sky130_fd_pr__pfet_01v8_lvt_W1.0_L1.0_nf1__compass_ea5254ff_4891".
Reading "GEN_Xd_sky130_fd_pr__pfet_01v8_lvt_W1.0_L1.0_nf1__rectangle_b81867f1_5088".
Reading "GEN_Xd_sky130_fd_pr__pfet_01v8_lvt_W1.0_L1.0_nf1__via_stack_10315345_4772".
Reading "GEN_Xd_sky130_fd_pr__pfet_01v8_lvt_W1.0_L1.0_nf1__rectangle_674a5263_0894".
Reading "GEN_Xd_sky130_fd_pr__pfet_01v8_lvt_W1.0_L1.0_nf1__compass_140743e1_8787".
Reading "GEN_Xd_sky130_fd_pr__pfet_01v8_lvt_W1.0_L1.0_nf1__rectangle_52cd4e34_6284".
Reading "GEN_Xd_sky130_fd_pr__pfet_01v8_lvt_W1.0_L1.0_nf1__compass_2e17894f_6153".
Reading "GEN_Xe_sky130_fd_pr__nfet_01v8_lvt_W4.0_L1.0_nf1__compass_5aca425c_9985".
Reading "GEN_Xe_sky130_fd_pr__nfet_01v8_lvt_W4.0_L1.0_nf1__compass_797719f1_8793".
Reading "GEN_Xe_sky130_fd_pr__nfet_01v8_lvt_W4.0_L1.0_nf1__via_stack_10315345_4144".
Reading "GEN_Xe_sky130_fd_pr__nfet_01v8_lvt_W4.0_L1.0_nf1__rectangle_674a5263_1050".
Reading "GEN_Xe_sky130_fd_pr__nfet_01v8_lvt_W4.0_L1.0_nf1__compass_8e4e9c25_2116".
Reading "GEN_Xe_sky130_fd_pr__nfet_01v8_lvt_W4.0_L1.0_nf1__compass_2d38c522_3286".
Reading "GEN_Xe_sky130_fd_pr__nfet_01v8_lvt_W4.0_L1.0_nf1__rectangle_cb0612b6_1595".
Reading "GEN_Xe_sky130_fd_pr__nfet_01v8_lvt_W4.0_L1.0_nf1__via_generator_5efd8b4b_4445".
Reading "GEN_Xe_sky130_fd_pr__nfet_01v8_lvt_W4.0_L1.0_nf1__rectangle_44994618_7505".
Reading "GEN_Xe_sky130_fd_pr__nfet_01v8_lvt_W4.0_L1.0_nf1__via_generator_ed9d2c97_6324".
Reading "GEN_Xf_sky130_fd_pr__nfet_01v8_lvt_W1.0_L1.0_nf1__via_generator_d5f22867_5219".
Reading "GEN_Xf_sky130_fd_pr__nfet_01v8_lvt_W1.0_L1.0_nf1__via_generator_e1715ab9_5813".
Reading "GEN_Xf_sky130_fd_pr__nfet_01v8_lvt_W1.0_L1.0_nf1__compass_ea5254ff_1846".
Reading "GEN_Xf_sky130_fd_pr__nfet_01v8_lvt_W1.0_L1.0_nf1__rectangle_b81867f1_8392".
Reading "GEN_Xf_sky130_fd_pr__nfet_01v8_lvt_W1.0_L1.0_nf1__compass_5efdeb5f_6606".
Reading "GEN_Xf_sky130_fd_pr__nfet_01v8_lvt_W1.0_L1.0_nf1__compass_140743e1_1025".
Reading "GEN_Xf_sky130_fd_pr__nfet_01v8_lvt_W1.0_L1.0_nf1__rectangle_52cd4e34_2972".
Reading "GEN_Xf_sky130_fd_pr__nfet_01v8_lvt_W1.0_L1.0_nf1__compass_2e17894f_6287".
Reading "GEN_Xf_sky130_fd_pr__nfet_01v8_lvt_W1.0_L1.0_nf1__via_stack_10315345_9758".
Reading "GEN_Xf_sky130_fd_pr__nfet_01v8_lvt_W1.0_L1.0_nf1__rectangle_674a5263_2454".
Reading "GEN_X9_UNIT_sky130_fd_pr__pfet_01v8_lvt_W1.0_L1.0_nf1__compass_7f556ce2_9398".
Reading "GEN_X9_UNIT_sky130_fd_pr__pfet_01v8_lvt_W1.0_L1.0_nf1__rectangle_2e17894f_5266".
Reading "GEN_X9_UNIT_sky130_fd_pr__pfet_01v8_lvt_W1.0_L1.0_nf1__rectangle_8c50d14a_3895".
Reading "GEN_X9_UNIT_sky130_fd_pr__pfet_01v8_lvt_W1.0_L1.0_nf1__poly_con$14_3667".
Reading "GEN_X9_UNIT_sky130_fd_pr__pfet_01v8_lvt_W1.0_L1.0_nf1__rectangle_140743e1_2215".
Reading "GEN_X9_UNIT_sky130_fd_pr__pfet_01v8_lvt_W1.0_L1.0_nf1__via_stack_6913afc1_6631".
Reading "GEN_X9_UNIT_sky130_fd_pr__pfet_01v8_lvt_W1.0_L1.0_nf1__rectangle_ea5254ff_2283".
Reading "GEN_X5_sky130_fd_pr__nfet_01v8_lvt_W4.0_L1.0_nf1__rectangle_8e4e9c25_0324".
Reading "GEN_X5_sky130_fd_pr__nfet_01v8_lvt_W4.0_L1.0_nf1__rectangle_797719f1_6703".
Reading "GEN_X5_sky130_fd_pr__nfet_01v8_lvt_W4.0_L1.0_nf1__poly_con_9518".
Reading "GEN_X5_sky130_fd_pr__nfet_01v8_lvt_W4.0_L1.0_nf1__rectangle_5aca425c_3131".
Reading "GEN_X5_sky130_fd_pr__nfet_01v8_lvt_W4.0_L1.0_nf1__rectangle_2d38c522_5109".
Reading "GEN_X5_sky130_fd_pr__nfet_01v8_lvt_W4.0_L1.0_nf1__via_stack_8e1f2156_2380".
Reading "GEN_X6_sky130_fd_pr__nfet_01v8_lvt_W1.0_L1.0_nf1__rectangle_2e17894f_9198".
Reading "GEN_X6_sky130_fd_pr__nfet_01v8_lvt_W1.0_L1.0_nf1__rectangle_140743e1_4203".
Reading "GEN_X6_sky130_fd_pr__nfet_01v8_lvt_W1.0_L1.0_nf1__via_stack_6913afc1_1476".
Reading "GEN_X6_sky130_fd_pr__nfet_01v8_lvt_W1.0_L1.0_nf1__rectangle_ea5254ff_7163".
Reading "GEN_X6_sky130_fd_pr__nfet_01v8_lvt_W1.0_L1.0_nf1__rectangle_5efdeb5f_7405".
Reading "GEN_X6_sky130_fd_pr__nfet_01v8_lvt_W1.0_L1.0_nf1__poly_con$1_0768".
Reading "GEN_X7_sky130_fd_pr__nfet_01v8_lvt_W4.0_L1.0_nf1__rectangle_797719f1_8691".
Reading "GEN_X7_sky130_fd_pr__nfet_01v8_lvt_W4.0_L1.0_nf1__rectangle_5aca425c_3007".
Reading "GEN_X7_sky130_fd_pr__nfet_01v8_lvt_W4.0_L1.0_nf1__poly_con$2_9845".
Reading "GEN_X7_sky130_fd_pr__nfet_01v8_lvt_W4.0_L1.0_nf1__rectangle_8e4e9c25_2144".
Reading "GEN_X7_sky130_fd_pr__nfet_01v8_lvt_W4.0_L1.0_nf1__rectangle_2d38c522_4527".
Reading "GEN_X7_sky130_fd_pr__nfet_01v8_lvt_W4.0_L1.0_nf1__via_stack_8e1f2156_9495".
Reading "GEN_X8_sky130_fd_pr__pfet_01v8_lvt_W1.0_L1.0_nf1__compass_7f556ce2_5965".
Reading "GEN_X8_sky130_fd_pr__pfet_01v8_lvt_W1.0_L1.0_nf1__rectangle_2e17894f_2056".
Reading "GEN_X8_sky130_fd_pr__pfet_01v8_lvt_W1.0_L1.0_nf1__rectangle_8c50d14a_8879".
Reading "GEN_X8_sky130_fd_pr__pfet_01v8_lvt_W1.0_L1.0_nf1__rectangle_140743e1_2349".
Reading "GEN_X8_sky130_fd_pr__pfet_01v8_lvt_W1.0_L1.0_nf1__via_stack_6913afc1_2816".
Reading "GEN_X8_sky130_fd_pr__pfet_01v8_lvt_W1.0_L1.0_nf1__rectangle_ea5254ff_3109".
Reading "GEN_X8_sky130_fd_pr__pfet_01v8_lvt_W1.0_L1.0_nf1__poly_con$3_1901".
Reading "GEN_X9_sky130_fd_pr__pfet_01v8_lvt_W15.0_L1.0_nf1__compass_89957d3e_9055".
Reading "GEN_X9_sky130_fd_pr__pfet_01v8_lvt_W15.0_L1.0_nf1__compass_52282c37_6683".
Reading "GEN_X9_sky130_fd_pr__pfet_01v8_lvt_W15.0_L1.0_nf1__compass_8d9b71a2_6541".
Reading "GEN_X9_sky130_fd_pr__pfet_01v8_lvt_W15.0_L1.0_nf1__rectangle_a1e64faa_0467".
Reading "GEN_X9_sky130_fd_pr__pfet_01v8_lvt_W15.0_L1.0_nf1__rectangle_d68a24f6_6407".
Reading "GEN_X9_sky130_fd_pr__pfet_01v8_lvt_W15.0_L1.0_nf1__via_generator_392beb01_2680".
Reading "GEN_X9_sky130_fd_pr__pfet_01v8_lvt_W15.0_L1.0_nf1__compass_b0803ffb_2723".
Reading "GEN_X9_sky130_fd_pr__pfet_01v8_lvt_W15.0_L1.0_nf1__via_generator_bf61c820_0534".
Reading "GEN_X9_sky130_fd_pr__pfet_01v8_lvt_W15.0_L1.0_nf1__via_stack_10315345_2652".
Reading "GEN_X9_sky130_fd_pr__pfet_01v8_lvt_W15.0_L1.0_nf1__rectangle_674a5263_5785".
Reading "GEN_X10_sky130_fd_pr__pfet_01v8_lvt_W1.0_L1.0_nf1__rectangle_ea5254ff_3067".
Reading "GEN_X10_sky130_fd_pr__pfet_01v8_lvt_W1.0_L1.0_nf1__rectangle_140743e1_8768".
Reading "GEN_X10_sky130_fd_pr__pfet_01v8_lvt_W1.0_L1.0_nf1__via_stack_6913afc1_5147".
Reading "GEN_X10_sky130_fd_pr__pfet_01v8_lvt_W1.0_L1.0_nf1__compass_7f556ce2_2002".
Reading "GEN_X10_sky130_fd_pr__pfet_01v8_lvt_W1.0_L1.0_nf1__poly_con$5_7585".
Reading "GEN_X10_sky130_fd_pr__pfet_01v8_lvt_W1.0_L1.0_nf1__rectangle_2e17894f_4124".
Reading "GEN_X10_sky130_fd_pr__pfet_01v8_lvt_W1.0_L1.0_nf1__rectangle_8c50d14a_6837".
Reading "GEN_X11_sky130_fd_pr__pfet_01v8_lvt_W1.0_L1.0_nf1__compass_7f556ce2_5155".
Reading "GEN_X11_sky130_fd_pr__pfet_01v8_lvt_W1.0_L1.0_nf1__rectangle_2e17894f_2796".
Reading "GEN_X11_sky130_fd_pr__pfet_01v8_lvt_W1.0_L1.0_nf1__rectangle_8c50d14a_1524".
Reading "GEN_X11_sky130_fd_pr__pfet_01v8_lvt_W1.0_L1.0_nf1__poly_con$6_6013".
Reading "GEN_X11_sky130_fd_pr__pfet_01v8_lvt_W1.0_L1.0_nf1__rectangle_140743e1_9109".
Reading "GEN_X11_sky130_fd_pr__pfet_01v8_lvt_W1.0_L1.0_nf1__via_stack_6913afc1_2165".
Reading "GEN_X11_sky130_fd_pr__pfet_01v8_lvt_W1.0_L1.0_nf1__rectangle_ea5254ff_9203".
Reading "GEN_X12_sky130_fd_pr__pfet_01v8_lvt_W1.0_L1.0_nf1__compass_7f556ce2_8552".
Reading "GEN_X12_sky130_fd_pr__pfet_01v8_lvt_W1.0_L1.0_nf1__rectangle_2e17894f_4253".
Reading "GEN_X12_sky130_fd_pr__pfet_01v8_lvt_W1.0_L1.0_nf1__rectangle_140743e1_3418".
Reading "GEN_X12_sky130_fd_pr__pfet_01v8_lvt_W1.0_L1.0_nf1__via_stack_6913afc1_2010".
Reading "GEN_X12_sky130_fd_pr__pfet_01v8_lvt_W1.0_L1.0_nf1__rectangle_ea5254ff_3123".
Reading "GEN_X12_sky130_fd_pr__pfet_01v8_lvt_W1.0_L1.0_nf1__rectangle_8c50d14a_2755".
Reading "GEN_X12_sky130_fd_pr__pfet_01v8_lvt_W1.0_L1.0_nf1__poly_con$7_6336".
Reading "GEN_Xa_sky130_fd_pr__pfet_01v8_lvt_W1.0_L1.0_nf1__compass_7f556ce2_5172".
Reading "GEN_Xa_sky130_fd_pr__pfet_01v8_lvt_W1.0_L1.0_nf1__rectangle_2e17894f_4365".
Reading "GEN_Xa_sky130_fd_pr__pfet_01v8_lvt_W1.0_L1.0_nf1__rectangle_8c50d14a_1830".
Reading "GEN_Xa_sky130_fd_pr__pfet_01v8_lvt_W1.0_L1.0_nf1__poly_con$8_3211".
Reading "GEN_Xa_sky130_fd_pr__pfet_01v8_lvt_W1.0_L1.0_nf1__rectangle_140743e1_0987".
Reading "GEN_Xa_sky130_fd_pr__pfet_01v8_lvt_W1.0_L1.0_nf1__via_stack_6913afc1_3087".
Reading "GEN_Xa_sky130_fd_pr__pfet_01v8_lvt_W1.0_L1.0_nf1__rectangle_ea5254ff_3448".
Reading "GEN_Xb_sky130_fd_pr__nfet_01v8_lvt_W4.0_L1.0_nf1__rectangle_797719f1_6290".
Reading "GEN_Xb_sky130_fd_pr__nfet_01v8_lvt_W4.0_L1.0_nf1__rectangle_5aca425c_7401".
Reading "GEN_Xb_sky130_fd_pr__nfet_01v8_lvt_W4.0_L1.0_nf1__rectangle_8e4e9c25_8998".
Reading "GEN_Xb_sky130_fd_pr__nfet_01v8_lvt_W4.0_L1.0_nf1__rectangle_2d38c522_4320".
Reading "GEN_Xb_sky130_fd_pr__nfet_01v8_lvt_W4.0_L1.0_nf1__poly_con$9_3305".
Reading "GEN_Xb_sky130_fd_pr__nfet_01v8_lvt_W4.0_L1.0_nf1__via_stack_8e1f2156_0182".
Reading "GEN_Xc_sky130_fd_pr__nfet_01v8_lvt_W1.0_L1.0_nf1__poly_con$10_5101".
Reading "GEN_Xc_sky130_fd_pr__nfet_01v8_lvt_W1.0_L1.0_nf1__rectangle_140743e1_9956".
Reading "GEN_Xc_sky130_fd_pr__nfet_01v8_lvt_W1.0_L1.0_nf1__rectangle_ea5254ff_9138".
Reading "GEN_Xc_sky130_fd_pr__nfet_01v8_lvt_W1.0_L1.0_nf1__via_stack_6913afc1_2929".
Reading "GEN_Xc_sky130_fd_pr__nfet_01v8_lvt_W1.0_L1.0_nf1__rectangle_2e17894f_7996".
Reading "GEN_Xc_sky130_fd_pr__nfet_01v8_lvt_W1.0_L1.0_nf1__rectangle_5efdeb5f_1044".
Reading "GEN_Xd_sky130_fd_pr__pfet_01v8_lvt_W1.0_L1.0_nf1__compass_7f556ce2_9124".
Reading "GEN_Xd_sky130_fd_pr__pfet_01v8_lvt_W1.0_L1.0_nf1__rectangle_2e17894f_6077".
Reading "GEN_Xd_sky130_fd_pr__pfet_01v8_lvt_W1.0_L1.0_nf1__rectangle_8c50d14a_8219".
Reading "GEN_Xd_sky130_fd_pr__pfet_01v8_lvt_W1.0_L1.0_nf1__poly_con$11_3082".
Reading "GEN_Xd_sky130_fd_pr__pfet_01v8_lvt_W1.0_L1.0_nf1__rectangle_140743e1_0360".
Reading "GEN_Xd_sky130_fd_pr__pfet_01v8_lvt_W1.0_L1.0_nf1__via_stack_6913afc1_7929".
Reading "GEN_Xd_sky130_fd_pr__pfet_01v8_lvt_W1.0_L1.0_nf1__rectangle_ea5254ff_9452".
Reading "GEN_Xe_sky130_fd_pr__nfet_01v8_lvt_W4.0_L1.0_nf1__rectangle_797719f1_9402".
Reading "GEN_Xe_sky130_fd_pr__nfet_01v8_lvt_W4.0_L1.0_nf1__poly_con$12_3462".
Reading "GEN_Xe_sky130_fd_pr__nfet_01v8_lvt_W4.0_L1.0_nf1__rectangle_5aca425c_9617".
Reading "GEN_Xe_sky130_fd_pr__nfet_01v8_lvt_W4.0_L1.0_nf1__rectangle_8e4e9c25_3171".
Reading "GEN_Xe_sky130_fd_pr__nfet_01v8_lvt_W4.0_L1.0_nf1__rectangle_2d38c522_7240".
Reading "GEN_Xe_sky130_fd_pr__nfet_01v8_lvt_W4.0_L1.0_nf1__via_stack_8e1f2156_3023".
Reading "GEN_Xf_sky130_fd_pr__nfet_01v8_lvt_W1.0_L1.0_nf1__rectangle_ea5254ff_5568".
Reading "GEN_Xf_sky130_fd_pr__nfet_01v8_lvt_W1.0_L1.0_nf1__rectangle_140743e1_7749".
Reading "GEN_Xf_sky130_fd_pr__nfet_01v8_lvt_W1.0_L1.0_nf1__via_stack_6913afc1_6053".
Reading "GEN_Xf_sky130_fd_pr__nfet_01v8_lvt_W1.0_L1.0_nf1__rectangle_2e17894f_4671".
Reading "GEN_Xf_sky130_fd_pr__nfet_01v8_lvt_W1.0_L1.0_nf1__rectangle_5efdeb5f_9489".
Reading "GEN_Xf_sky130_fd_pr__nfet_01v8_lvt_W1.0_L1.0_nf1__poly_con$13_2261".
Reading "GEN_X9_UNIT_sky130_fd_pr__pfet_01v8_lvt_W1.0_L1.0_nf1__rectangle_7f556ce2_8819".
Reading "GEN_X9_UNIT_sky130_fd_pr__pfet_01v8_lvt_W1.0_L1.0_nf1__dev_temp$14_8504".
Reading "sky130_fd_pr__nfet_01v8_lvt_SRSYDN".
Reading "GEN_X5_sky130_fd_pr__nfet_01v8_lvt_W4.0_L1.0_nf1__dev_temp_4853".
Reading "GEN_X6_sky130_fd_pr__nfet_01v8_lvt_W1.0_L1.0_nf1__dev_temp$1_5990".
Reading "GEN_X7_sky130_fd_pr__nfet_01v8_lvt_W4.0_L1.0_nf1__dev_temp$2_1222".
Reading "GEN_X8_sky130_fd_pr__pfet_01v8_lvt_W1.0_L1.0_nf1__rectangle_7f556ce2_3295".
Reading "GEN_X8_sky130_fd_pr__pfet_01v8_lvt_W1.0_L1.0_nf1__dev_temp$3_2609".
Reading "GEN_X9_sky130_fd_pr__pfet_01v8_lvt_W15.0_L1.0_nf1__rectangle_89957d3e_5239".
Reading "GEN_X9_sky130_fd_pr__pfet_01v8_lvt_W15.0_L1.0_nf1__rectangle_8d9b71a2_1542".
Reading "GEN_X9_sky130_fd_pr__pfet_01v8_lvt_W15.0_L1.0_nf1__via_stack_d3920be4_9771".
Reading "GEN_X9_sky130_fd_pr__pfet_01v8_lvt_W15.0_L1.0_nf1__rectangle_52282c37_4771".
Reading "GEN_X9_sky130_fd_pr__pfet_01v8_lvt_W15.0_L1.0_nf1__compass_1295a1e6_6991".
Reading "GEN_X9_sky130_fd_pr__pfet_01v8_lvt_W15.0_L1.0_nf1__rectangle_b0803ffb_7302".
Reading "GEN_X9_sky130_fd_pr__pfet_01v8_lvt_W15.0_L1.0_nf1__poly_con$4_3032".
Reading "GEN_X10_sky130_fd_pr__pfet_01v8_lvt_W1.0_L1.0_nf1__rectangle_7f556ce2_4847".
Reading "GEN_X10_sky130_fd_pr__pfet_01v8_lvt_W1.0_L1.0_nf1__dev_temp$5_4797".
Reading "GEN_X11_sky130_fd_pr__pfet_01v8_lvt_W1.0_L1.0_nf1__rectangle_7f556ce2_6437".
Reading "GEN_X11_sky130_fd_pr__pfet_01v8_lvt_W1.0_L1.0_nf1__dev_temp$6_4171".
Reading "GEN_X12_sky130_fd_pr__pfet_01v8_lvt_W1.0_L1.0_nf1__rectangle_7f556ce2_3376".
Reading "GEN_X12_sky130_fd_pr__pfet_01v8_lvt_W1.0_L1.0_nf1__dev_temp$7_7778".
Reading "GEN_Xa_sky130_fd_pr__pfet_01v8_lvt_W1.0_L1.0_nf1__rectangle_7f556ce2_1818".
Reading "GEN_Xa_sky130_fd_pr__pfet_01v8_lvt_W1.0_L1.0_nf1__dev_temp$8_4781".
Reading "GEN_Xb_sky130_fd_pr__nfet_01v8_lvt_W4.0_L1.0_nf1__dev_temp$9_3913".
Reading "GEN_Xc_sky130_fd_pr__nfet_01v8_lvt_W1.0_L1.0_nf1__dev_temp$10_6789".
Reading "GEN_Xd_sky130_fd_pr__pfet_01v8_lvt_W1.0_L1.0_nf1__rectangle_7f556ce2_7687".
Reading "GEN_Xd_sky130_fd_pr__pfet_01v8_lvt_W1.0_L1.0_nf1__dev_temp$11_8288".
Reading "GEN_Xe_sky130_fd_pr__nfet_01v8_lvt_W4.0_L1.0_nf1__dev_temp$12_1556".
Reading "GEN_Xf_sky130_fd_pr__nfet_01v8_lvt_W1.0_L1.0_nf1__dev_temp$13_9948".
Reading "GEN_X9_UNIT_sky130_fd_pr__pfet_01v8_lvt_W1.0_L1.0_nf1__sky_pfet_dev_10276_31542160_15_1525_0167".
Reading "GEN_X5_sky130_fd_pr__nfet_01v8_lvt_W4.0_L1.0_nf1__sky_nfet_dev_10276_28903289_1_4359_4526".
Reading "GEN_X6_sky130_fd_pr__nfet_01v8_lvt_W1.0_L1.0_nf1__sky_nfet_dev_10276_29064950_2_6557_5123".
Reading "GEN_X7_sky130_fd_pr__nfet_01v8_lvt_W4.0_L1.0_nf1__sky_nfet_dev_10276_29112708_3_5076_6544".
Reading "GEN_X8_sky130_fd_pr__pfet_01v8_lvt_W1.0_L1.0_nf1__sky_pfet_dev_10276_29134374_4_5499_1810".
Reading "GEN_X9_sky130_fd_pr__pfet_01v8_lvt_W15.0_L1.0_nf1__rectangle_1295a1e6_5484".
Reading "GEN_X9_sky130_fd_pr__pfet_01v8_lvt_W15.0_L1.0_nf1__dev_temp$4_4112".
Reading "GEN_X10_sky130_fd_pr__pfet_01v8_lvt_W1.0_L1.0_nf1__sky_pfet_dev_10276_29236730_6_4272_0500".
Reading "GEN_X11_sky130_fd_pr__pfet_01v8_lvt_W1.0_L1.0_nf1__sky_pfet_dev_10276_29256530_7_1154_4321".
Reading "GEN_X12_sky130_fd_pr__pfet_01v8_lvt_W1.0_L1.0_nf1__sky_pfet_dev_10276_29271040_8_2755_1973".
Reading "GEN_Xa_sky130_fd_pr__pfet_01v8_lvt_W1.0_L1.0_nf1__sky_pfet_dev_10276_29296125_9_5722_4536".
Reading "GEN_Xb_sky130_fd_pr__nfet_01v8_lvt_W4.0_L1.0_nf1__sky_nfet_dev_10276_29310369_10_6487_0866".
Reading "GEN_Xc_sky130_fd_pr__nfet_01v8_lvt_W1.0_L1.0_nf1__sky_nfet_dev_10276_29333281_11_5592_9718".
Reading "GEN_Xd_sky130_fd_pr__pfet_01v8_lvt_W1.0_L1.0_nf1__sky_pfet_dev_10276_29352800_12_7731_5229".
Reading "GEN_Xe_sky130_fd_pr__nfet_01v8_lvt_W4.0_L1.0_nf1__sky_nfet_dev_10276_29376162_13_599_1807".
Reading "GEN_Xf_sky130_fd_pr__nfet_01v8_lvt_W1.0_L1.0_nf1__sky_nfet_dev_10276_29400623_14_5273_9428".
Reading "MAGIC_GR_X1_UNIT_sky130_fd_pr__nfet_01v8_lvt".
Reading "MAGIC_GR_X2_UNIT_sky130_fd_pr__nfet_01v8_lvt".
Reading "MAGIC_GR_X3_UNIT_sky130_fd_pr__nfet_01v8_lvt".
Reading "GEN_X9_UNIT_sky130_fd_pr__pfet_01v8_lvt_W1.0_L1.0_nf1".
Reading "sky130_fd_pr__nfet_01v8_lvt_YRFQK8".
Reading "MAGIC_GR_X4_sky130_fd_pr__nfet_01v8_lvt".
Reading "GEN_X5_sky130_fd_pr__nfet_01v8_lvt_W4.0_L1.0_nf1".
Reading "GEN_X6_sky130_fd_pr__nfet_01v8_lvt_W1.0_L1.0_nf1".
Reading "GEN_X7_sky130_fd_pr__nfet_01v8_lvt_W4.0_L1.0_nf1".
Reading "GEN_X8_sky130_fd_pr__pfet_01v8_lvt_W1.0_L1.0_nf1".
Reading "GEN_X9_sky130_fd_pr__pfet_01v8_lvt_W15.0_L1.0_nf1__sky_pfet_dev_10276_29164327_5_7633_7842".
Reading "GEN_X10_sky130_fd_pr__pfet_01v8_lvt_W1.0_L1.0_nf1".
Reading "GEN_X11_sky130_fd_pr__pfet_01v8_lvt_W1.0_L1.0_nf1".
Reading "GEN_X12_sky130_fd_pr__pfet_01v8_lvt_W1.0_L1.0_nf1".
Reading "GEN_Xa_sky130_fd_pr__pfet_01v8_lvt_W1.0_L1.0_nf1".
Reading "GEN_Xb_sky130_fd_pr__nfet_01v8_lvt_W4.0_L1.0_nf1".
Reading "GEN_Xc_sky130_fd_pr__nfet_01v8_lvt_W1.0_L1.0_nf1".
Reading "GEN_Xd_sky130_fd_pr__pfet_01v8_lvt_W1.0_L1.0_nf1".
Reading "GEN_Xe_sky130_fd_pr__nfet_01v8_lvt_W4.0_L1.0_nf1".
Reading "GEN_Xf_sky130_fd_pr__nfet_01v8_lvt_W1.0_L1.0_nf1".
Reading "sky130_fd_pr__pnp_05v5_W3p40L3p40".
Reading "UNITARR_X1_64x_W1p000_L1p000".
Reading "UNITARR_X2_64x_W1p000_L1p000".
Reading "UNITARR_X3_64x_W1p000_L1p000".
Reading "UNITARR_X9_15x_W1p000_L1p000".
Reading "TOP_AUTOPLACED_FROM_SPICE".
Reading "MAGIC_GR_X1_sky130_fd_pr__nfet_01v8_lvt".
Reading "MAGIC_GR_X2_sky130_fd_pr__nfet_01v8_lvt".
Reading "MAGIC_GR_X3_sky130_fd_pr__nfet_01v8_lvt".
Reading "GEN_X9_sky130_fd_pr__pfet_01v8_lvt_W15.0_L1.0_nf1".
MAGIC_FINAL_DRC_BEGIN
Loading DRC CIF style.
MAGIC_FINAL_DRC_COUNT_BEGIN
Cell TOP_AUTOPLACED_FROM_SPICE has 56 error tiles.
Total DRC errors found: 0
MAGIC_FINAL_DRC_COUNT_END


STDERR
======
